<?xml version="1.0" encoding="utf-8"?><testsuites name="pytest tests"><testsuite name="pytest" errors="0" failures="1" skipped="1" tests="21" time="5.907" timestamp="2026-08-22T14:45:43.335662+00:00" hostname="agent-env-53e8b91b-bdea-4086-98d5-58d96e86075f"><testcase classname="tests.backend_test.TestAuthPlaybook" name="test_admin_bcrypt_hash_format" time="0.002" /><testcase classname="tests.backend_test.TestAuthPlaybook" name="test_login_sets_httponly_cookies" time="1.543" /><testcase classname="tests.backend_test.TestAuthPlaybook" name="test_cors_credentials_explicit_origin" time="0.001"><skipped type="pytest.skip" message="Preflight is answered by the Cloudflare/ingress edge (ACAO '*', no allow-credentials); backend CORS config is verified in test_local_auth_infra.py">/app/backend/tests/backend_test.py:98: Preflight is answered by the Cloudflare/ingress edge (ACAO '*', no allow-credentials); backend CORS config is verified in test_local_auth_infra.py</skipped></testcase><testcase classname="tests.backend_test.TestAuthPlaybook" name="test_invalid_credentials_401" time="0.180" /><testcase classname="tests.backend_test.TestSlotAssignment" name="test_partners_list_slot_status" time="1.907" /><testcase classname="tests.backend_test.TestAuthPlaybook" name="test_bruteforce_lockout_after_5" time="0.693"><failure message="AssertionError: [401, 401, 401, 401, 401, 401]&#10;assert 401 == 429">E   AssertionError: [401, 401, 401, 401, 401, 401]
    assert 401 == 429</failure></testcase><testcase classname="tests.backend_test.TestSlotAssignment" name="test_assign_requires_date_and_fascia" time="0.110" /><testcase classname="tests.backend_test.TestSlotAssignment" name="test_assign_reassign_and_double_booking" time="2.152" /><testcase classname="tests.backend_test.TestAuthPlaybook" name="test_partner_cannot_access_admin_endpoints" time="0.477" /><testcase classname="tests.backend_test.TestAuthPlaybook" name="test_availability_requires_auth" time="0.126" /><testcase classname="tests.backend_test.TestPartnerAvailability" name="test_toggle_occupied_and_free" time="0.345" /><testcase classname="tests.backend_test.TestPartnerAvailability" name="test_invalid_fascia_400" time="0.071" /><testcase classname="tests.backend_test.TestPartnerAvailability" name="test_past_date_400" time="0.079" /><testcase classname="tests.backend_test.TestPartnerAvailability" name="test_beyond_horizon_400" time="0.079" /><testcase classname="tests.backend_test.TestPartnerAvailability" name="test_bad_start_format" time="0.115" /><testcase classname="tests.test_local_auth_infra" name="test_backend_cors_preflight_local" time="0.002" /><testcase classname="tests.test_local_auth_infra" name="test_lockout_local" time="0.025" /><testcase classname="tests.backend_test.TestSlotAssignment" name="test_admin_complete_frees_slot" time="0.804" /><testcase classname="tests.backend_test.TestSlotAssignment" name="test_assign_past_date_rejected" time="0.062" /><testcase classname="tests.backend_test.TestSlotAssignment" name="test_assign_unknown_partner_404" time="0.055" /><testcase classname="tests.backend_test.TestSlotAssignment" name="test_assign_unknown_request_404" time="0.060" /></testsuite></testsuites>