<?xml version="1.0" encoding="utf-8"?><testsuites name="pytest tests"><testsuite name="pytest" errors="0" failures="0" skipped="1" tests="31" time="5.952" timestamp="2026-08-22T15:27:41.203020+00:00" hostname="agent-env-53e8b91b-bdea-4086-98d5-58d96e86075f"><testcase classname="tests.backend_test.TestAdminCalendar" name="test_requires_auth" time="0.170" /><testcase classname="tests.backend_test.TestAuthPlaybook" name="test_admin_bcrypt_hash_format" time="0.002" /><testcase classname="tests.backend_test.TestAuthPlaybook" name="test_login_sets_httponly_cookies" time="0.579" /><testcase classname="tests.backend_test.TestAuthPlaybook" name="test_cors_credentials_explicit_origin" time="0.000"><skipped type="pytest.skip" message="Preflight is answered by the Cloudflare/ingress edge (ACAO '*', no allow-credentials); backend CORS config is verified in test_local_auth_infra.py">/app/backend/tests/backend_test.py:98: Preflight is answered by the Cloudflare/ingress edge (ACAO '*', no allow-credentials); backend CORS config is verified in test_local_auth_infra.py</skipped></testcase><testcase classname="tests.backend_test.TestAuthPlaybook" name="test_invalid_credentials_401" time="0.101" /><testcase classname="tests.backend_test.TestAdminCalendar" name="test_partner_forbidden" time="0.483" /><testcase classname="tests.backend_test.TestAuthPlaybook" name="test_bruteforce_lockout_after_5" time="0.903" /><testcase classname="tests.backend_test.TestAdminCalendar" name="test_bad_start_400" time="0.386" /><testcase classname="tests.backend_test.TestAdminCalendar" name="test_missing_start_422" time="0.050" /><testcase classname="tests.backend_test.TestAdminCalendar" name="test_structure_and_premium_sort" time="0.053" /><testcase classname="tests.backend_test.TestAdminCalendar" name="test_only_approved_partners" time="0.051" /><testcase classname="tests.backend_test.TestAdminCalendar" name="test_suspended_partner_hidden" time="0.101" /><testcase classname="tests.backend_test.TestAdminCalendar" name="test_partner_occupied_slot_visible_to_admin" time="0.171" /><testcase classname="tests.backend_test.TestAdminCalendar" name="test_assigned_slot_exposes_client_name" time="0.567" /><testcase classname="tests.backend_test.TestAuthPlaybook" name="test_partner_cannot_access_admin_endpoints" time="0.375" /><testcase classname="tests.backend_test.TestAuthPlaybook" name="test_availability_requires_auth" time="0.209" /><testcase classname="tests.backend_test.TestAdminCalendar" name="test_week_window_is_6_days" time="0.052" /><testcase classname="tests.backend_test.TestSlotAssignment" name="test_partners_list_slot_status" time="0.251" /><testcase classname="tests.backend_test.TestPartnerAvailability" name="test_toggle_occupied_and_free" time="0.268" /><testcase classname="tests.backend_test.TestSlotAssignment" name="test_assign_requires_date_and_fascia" time="0.158" /><testcase classname="tests.backend_test.TestPartnerAvailability" name="test_invalid_fascia_400" time="0.049" /><testcase classname="tests.backend_test.TestPartnerAvailability" name="test_past_date_400" time="0.046" /><testcase classname="tests.backend_test.TestSlotAssignment" name="test_assign_reassign_and_double_booking" time="1.667" /><testcase classname="tests.backend_test.TestPartnerAvailability" name="test_beyond_horizon_400" time="0.047" /><testcase classname="tests.backend_test.TestPartnerAvailability" name="test_bad_start_format" time="0.048" /><testcase classname="tests.test_local_auth_infra" name="test_backend_cors_preflight_local" time="0.003" /><testcase classname="tests.test_local_auth_infra" name="test_lockout_local" time="0.027" /><testcase classname="tests.backend_test.TestSlotAssignment" name="test_admin_complete_frees_slot" time="0.764" /><testcase classname="tests.backend_test.TestSlotAssignment" name="test_assign_past_date_rejected" time="0.061" /><testcase classname="tests.backend_test.TestSlotAssignment" name="test_assign_unknown_partner_404" time="0.053" /><testcase classname="tests.backend_test.TestSlotAssignment" name="test_assign_unknown_request_404" time="0.054" /></testsuite></testsuites>